<?xml version="1.0" encoding="UTF-8"?>
<!-- Generated by org.testng.reporters.JUnitReportReporter -->
<testsuite hostname="LAPTOP-NH6RVP77" failures="0" tests="3" name="TestCases.RunTestCases" time="32.424" errors="0" timestamp="2021-05-14T11:40:39 IST" skipped="0">
  <testcase classname="TestCases.RunTestCases" name="PrintHospitals" time="14.977"/>
  <system-out/>
  <testcase classname="TestCases.RunTestCases" name="PrintTopCities" time="5.496"/>
  <system-out/>
  <testcase classname="TestCases.RunTestCases" name="CaptureMessage" time="11.951"/>
  <system-out/>
</testsuite> <!-- TestCases.RunTestCases -->
